<?xml version="1.0" encoding="UTF-8"?>
<testng-results ignored="0" total="0" passed="0" failed="0" skipped="0">
  <reporter-output>
  </reporter-output>
  <suite started-at="2023-11-17T20:06:26 EST" name="myTest" finished-at="2023-11-17T20:06:26 EST" duration-ms="7">
    <groups>
    </groups>
    <test started-at="2023-11-17T20:06:26 EST" name="homework question test" finished-at="2023-11-17T20:06:26 EST" duration-ms="7">
    </test> <!-- homework question test -->
  </suite> <!-- myTest -->
</testng-results>
